[2026-02-21 12:51:31] API called with method: POST
[2026-02-21 12:51:31] User ID: 13
[2026-02-21 12:51:31] Raw input received - Data: "{\"pickup\":\"40.724442279333786, -74.0099830669351\",\"dropoff\":\"40.70856884343328, -73.99161529960112\",\"pickup_lat\":\"40.724442279333786\",\"pickup_lng\":\"-74.0099830669351\",\"dropoff_lat\":\"40.70856884343328\",\"dropoff_lng\":\"-73.99161529960112\",\"distance\":\"2.5\",\"fare\":\"13.91\",\"vehicle_type\":\"van\",\"notes\":\"\"}"
[2026-02-21 12:51:31] Decoded data - Data: {"pickup":"40.724442279333786, -74.0099830669351","dropoff":"40.70856884343328, -73.99161529960112","pickup_lat":"40.724442279333786","pickup_lng":"-74.0099830669351","dropoff_lat":"40.70856884343328","dropoff_lng":"-73.99161529960112","distance":"2.5","fare":"13.91","vehicle_type":"van","notes":""}
[2026-02-21 12:51:31] All validations passed. Inserting trip...
[2026-02-21 12:51:31] Executing SQL: INSERT INTO trips (
        passenger_id, 
        pickup_location, 
        dropoff_location, 
        pickup_lat, 
        pickup_lng, 
        dropoff_lat, 
        dropoff_lng, 
        distance_km, 
        estimated_fare, 
        status, 
        payment_method, 
        payment_status,
        created_at
    ) VALUES (
        13, 
        '40.724442279333786, -74.0099830669351', 
        '40.70856884343328, -73.99161529960112', 
        40.724442279334, 
        -74.009983066935, 
        40.708568843433, 
        -73.991615299601, 
        2.5, 
        13.91, 
        'pending', 
        'cash', 
        'pending',
        NOW()
    )
[2026-02-21 12:51:31] Trip inserted with ID: 14
[2026-02-21 12:51:31] Trip created successfully - Data: {"trip_id":14,"trip_number":"TRIP00014"}
[2026-02-21 12:51:31] API called with method: POST
[2026-02-21 12:51:31] User ID: 13
[2026-02-21 12:51:31] Raw input received - Data: "{\"pickup\":\"40.724442279333786, -74.0099830669351\",\"dropoff\":\"40.70856884343328, -73.99161529960112\",\"pickup_lat\":\"40.724442279333786\",\"pickup_lng\":\"-74.0099830669351\",\"dropoff_lat\":\"40.70856884343328\",\"dropoff_lng\":\"-73.99161529960112\",\"distance\":\"2.5\",\"fare\":\"13.91\",\"vehicle_type\":\"van\",\"notes\":\"\"}"
[2026-02-21 12:51:31] Decoded data - Data: {"pickup":"40.724442279333786, -74.0099830669351","dropoff":"40.70856884343328, -73.99161529960112","pickup_lat":"40.724442279333786","pickup_lng":"-74.0099830669351","dropoff_lat":"40.70856884343328","dropoff_lng":"-73.99161529960112","distance":"2.5","fare":"13.91","vehicle_type":"van","notes":""}
[2026-02-21 12:51:31] All validations passed. Inserting trip...
[2026-02-21 12:51:31] Executing SQL: INSERT INTO trips (
        passenger_id, 
        pickup_location, 
        dropoff_location, 
        pickup_lat, 
        pickup_lng, 
        dropoff_lat, 
        dropoff_lng, 
        distance_km, 
        estimated_fare, 
        status, 
        payment_method, 
        payment_status,
        created_at
    ) VALUES (
        13, 
        '40.724442279333786, -74.0099830669351', 
        '40.70856884343328, -73.99161529960112', 
        40.724442279334, 
        -74.009983066935, 
        40.708568843433, 
        -73.991615299601, 
        2.5, 
        13.91, 
        'pending', 
        'cash', 
        'pending',
        NOW()
    )
[2026-02-21 12:51:31] Trip inserted with ID: 15
[2026-02-21 12:51:31] Trip created successfully - Data: {"trip_id":15,"trip_number":"TRIP00015"}
[2026-02-21 12:51:31] API called with method: POST
[2026-02-21 12:51:31] User ID: 13
[2026-02-21 12:51:31] Raw input received - Data: "{\"pickup\":\"40.724442279333786, -74.0099830669351\",\"dropoff\":\"40.70856884343328, -73.99161529960112\",\"pickup_lat\":\"40.724442279333786\",\"pickup_lng\":\"-74.0099830669351\",\"dropoff_lat\":\"40.70856884343328\",\"dropoff_lng\":\"-73.99161529960112\",\"distance\":\"2.5\",\"fare\":\"13.91\",\"vehicle_type\":\"van\",\"notes\":\"\"}"
[2026-02-21 12:51:31] Decoded data - Data: {"pickup":"40.724442279333786, -74.0099830669351","dropoff":"40.70856884343328, -73.99161529960112","pickup_lat":"40.724442279333786","pickup_lng":"-74.0099830669351","dropoff_lat":"40.70856884343328","dropoff_lng":"-73.99161529960112","distance":"2.5","fare":"13.91","vehicle_type":"van","notes":""}
[2026-02-21 12:51:31] All validations passed. Inserting trip...
[2026-02-21 12:51:31] Executing SQL: INSERT INTO trips (
        passenger_id, 
        pickup_location, 
        dropoff_location, 
        pickup_lat, 
        pickup_lng, 
        dropoff_lat, 
        dropoff_lng, 
        distance_km, 
        estimated_fare, 
        status, 
        payment_method, 
        payment_status,
        created_at
    ) VALUES (
        13, 
        '40.724442279333786, -74.0099830669351', 
        '40.70856884343328, -73.99161529960112', 
        40.724442279334, 
        -74.009983066935, 
        40.708568843433, 
        -73.991615299601, 
        2.5, 
        13.91, 
        'pending', 
        'cash', 
        'pending',
        NOW()
    )
[2026-02-21 12:51:31] Trip inserted with ID: 16
[2026-02-21 12:51:31] Trip created successfully - Data: {"trip_id":16,"trip_number":"TRIP00016"}
[2026-02-21 12:51:36] API called with method: POST
[2026-02-21 12:51:36] User ID: 13
[2026-02-21 12:51:36] Raw input received - Data: "{\"pickup\":\"40.724442279333786, -74.0099830669351\",\"dropoff\":\"40.70856884343328, -73.99161529960112\",\"pickup_lat\":\"40.724442279333786\",\"pickup_lng\":\"-74.0099830669351\",\"dropoff_lat\":\"40.70856884343328\",\"dropoff_lng\":\"-73.99161529960112\",\"distance\":\"2.5\",\"fare\":\"13.91\",\"vehicle_type\":\"van\",\"notes\":\"\"}"
[2026-02-21 12:51:36] Decoded data - Data: {"pickup":"40.724442279333786, -74.0099830669351","dropoff":"40.70856884343328, -73.99161529960112","pickup_lat":"40.724442279333786","pickup_lng":"-74.0099830669351","dropoff_lat":"40.70856884343328","dropoff_lng":"-73.99161529960112","distance":"2.5","fare":"13.91","vehicle_type":"van","notes":""}
[2026-02-21 12:51:36] All validations passed. Inserting trip...
[2026-02-21 12:51:36] Executing SQL: INSERT INTO trips (
        passenger_id, 
        pickup_location, 
        dropoff_location, 
        pickup_lat, 
        pickup_lng, 
        dropoff_lat, 
        dropoff_lng, 
        distance_km, 
        estimated_fare, 
        status, 
        payment_method, 
        payment_status,
        created_at
    ) VALUES (
        13, 
        '40.724442279333786, -74.0099830669351', 
        '40.70856884343328, -73.99161529960112', 
        40.724442279334, 
        -74.009983066935, 
        40.708568843433, 
        -73.991615299601, 
        2.5, 
        13.91, 
        'pending', 
        'cash', 
        'pending',
        NOW()
    )
[2026-02-21 12:51:36] Trip inserted with ID: 17
[2026-02-21 12:51:36] Trip created successfully - Data: {"trip_id":17,"trip_number":"TRIP00017"}
[2026-02-21 12:51:36] API called with method: POST
[2026-02-21 12:51:37] User ID: 13
[2026-02-21 12:51:37] Raw input received - Data: "{\"pickup\":\"40.724442279333786, -74.0099830669351\",\"dropoff\":\"40.70856884343328, -73.99161529960112\",\"pickup_lat\":\"40.724442279333786\",\"pickup_lng\":\"-74.0099830669351\",\"dropoff_lat\":\"40.70856884343328\",\"dropoff_lng\":\"-73.99161529960112\",\"distance\":\"2.5\",\"fare\":\"13.91\",\"vehicle_type\":\"van\",\"notes\":\"\"}"
[2026-02-21 12:51:37] Decoded data - Data: {"pickup":"40.724442279333786, -74.0099830669351","dropoff":"40.70856884343328, -73.99161529960112","pickup_lat":"40.724442279333786","pickup_lng":"-74.0099830669351","dropoff_lat":"40.70856884343328","dropoff_lng":"-73.99161529960112","distance":"2.5","fare":"13.91","vehicle_type":"van","notes":""}
[2026-02-21 12:51:37] All validations passed. Inserting trip...
[2026-02-21 12:51:37] Executing SQL: INSERT INTO trips (
        passenger_id, 
        pickup_location, 
        dropoff_location, 
        pickup_lat, 
        pickup_lng, 
        dropoff_lat, 
        dropoff_lng, 
        distance_km, 
        estimated_fare, 
        status, 
        payment_method, 
        payment_status,
        created_at
    ) VALUES (
        13, 
        '40.724442279333786, -74.0099830669351', 
        '40.70856884343328, -73.99161529960112', 
        40.724442279334, 
        -74.009983066935, 
        40.708568843433, 
        -73.991615299601, 
        2.5, 
        13.91, 
        'pending', 
        'cash', 
        'pending',
        NOW()
    )
[2026-02-21 12:51:37] Trip inserted with ID: 18
[2026-02-21 12:51:37] Trip created successfully - Data: {"trip_id":18,"trip_number":"TRIP00018"}
[2026-02-21 12:51:37] API called with method: POST
[2026-02-21 12:51:37] User ID: 13
[2026-02-21 12:51:37] Raw input received - Data: "{\"pickup\":\"40.724442279333786, -74.0099830669351\",\"dropoff\":\"40.70856884343328, -73.99161529960112\",\"pickup_lat\":\"40.724442279333786\",\"pickup_lng\":\"-74.0099830669351\",\"dropoff_lat\":\"40.70856884343328\",\"dropoff_lng\":\"-73.99161529960112\",\"distance\":\"2.5\",\"fare\":\"13.91\",\"vehicle_type\":\"van\",\"notes\":\"\"}"
[2026-02-21 12:51:37] Decoded data - Data: {"pickup":"40.724442279333786, -74.0099830669351","dropoff":"40.70856884343328, -73.99161529960112","pickup_lat":"40.724442279333786","pickup_lng":"-74.0099830669351","dropoff_lat":"40.70856884343328","dropoff_lng":"-73.99161529960112","distance":"2.5","fare":"13.91","vehicle_type":"van","notes":""}
[2026-02-21 12:51:37] All validations passed. Inserting trip...
[2026-02-21 12:51:37] Executing SQL: INSERT INTO trips (
        passenger_id, 
        pickup_location, 
        dropoff_location, 
        pickup_lat, 
        pickup_lng, 
        dropoff_lat, 
        dropoff_lng, 
        distance_km, 
        estimated_fare, 
        status, 
        payment_method, 
        payment_status,
        created_at
    ) VALUES (
        13, 
        '40.724442279333786, -74.0099830669351', 
        '40.70856884343328, -73.99161529960112', 
        40.724442279334, 
        -74.009983066935, 
        40.708568843433, 
        -73.991615299601, 
        2.5, 
        13.91, 
        'pending', 
        'cash', 
        'pending',
        NOW()
    )
[2026-02-21 12:51:37] Trip inserted with ID: 19
[2026-02-21 12:51:37] Trip created successfully - Data: {"trip_id":19,"trip_number":"TRIP00019"}
[2026-02-21 12:51:47] API called with method: POST
[2026-02-21 12:51:47] User ID: 13
[2026-02-21 12:51:47] Raw input received - Data: "{\"pickup\":\"40.724442279333786, -74.0099830669351\",\"dropoff\":\"40.70856884343328, -73.99161529960112\",\"pickup_lat\":\"40.724442279333786\",\"pickup_lng\":\"-74.0099830669351\",\"dropoff_lat\":\"40.70856884343328\",\"dropoff_lng\":\"-73.99161529960112\",\"distance\":\"2.5\",\"fare\":\"13.91\",\"vehicle_type\":\"van\",\"notes\":\"\"}"
[2026-02-21 12:51:47] Decoded data - Data: {"pickup":"40.724442279333786, -74.0099830669351","dropoff":"40.70856884343328, -73.99161529960112","pickup_lat":"40.724442279333786","pickup_lng":"-74.0099830669351","dropoff_lat":"40.70856884343328","dropoff_lng":"-73.99161529960112","distance":"2.5","fare":"13.91","vehicle_type":"van","notes":""}
[2026-02-21 12:51:47] All validations passed. Inserting trip...
[2026-02-21 12:51:48] Executing SQL: INSERT INTO trips (
        passenger_id, 
        pickup_location, 
        dropoff_location, 
        pickup_lat, 
        pickup_lng, 
        dropoff_lat, 
        dropoff_lng, 
        distance_km, 
        estimated_fare, 
        status, 
        payment_method, 
        payment_status,
        created_at
    ) VALUES (
        13, 
        '40.724442279333786, -74.0099830669351', 
        '40.70856884343328, -73.99161529960112', 
        40.724442279334, 
        -74.009983066935, 
        40.708568843433, 
        -73.991615299601, 
        2.5, 
        13.91, 
        'pending', 
        'cash', 
        'pending',
        NOW()
    )
[2026-02-21 12:51:48] Trip inserted with ID: 20
[2026-02-21 12:51:48] Trip created successfully - Data: {"trip_id":20,"trip_number":"TRIP00020"}
[2026-02-21 12:51:48] API called with method: POST
[2026-02-21 12:51:48] User ID: 13
[2026-02-21 12:51:48] Raw input received - Data: "{\"pickup\":\"40.724442279333786, -74.0099830669351\",\"dropoff\":\"40.70856884343328, -73.99161529960112\",\"pickup_lat\":\"40.724442279333786\",\"pickup_lng\":\"-74.0099830669351\",\"dropoff_lat\":\"40.70856884343328\",\"dropoff_lng\":\"-73.99161529960112\",\"distance\":\"2.5\",\"fare\":\"13.91\",\"vehicle_type\":\"van\",\"notes\":\"\"}"
[2026-02-21 12:51:48] Decoded data - Data: {"pickup":"40.724442279333786, -74.0099830669351","dropoff":"40.70856884343328, -73.99161529960112","pickup_lat":"40.724442279333786","pickup_lng":"-74.0099830669351","dropoff_lat":"40.70856884343328","dropoff_lng":"-73.99161529960112","distance":"2.5","fare":"13.91","vehicle_type":"van","notes":""}
[2026-02-21 12:51:48] All validations passed. Inserting trip...
[2026-02-21 12:51:48] Executing SQL: INSERT INTO trips (
        passenger_id, 
        pickup_location, 
        dropoff_location, 
        pickup_lat, 
        pickup_lng, 
        dropoff_lat, 
        dropoff_lng, 
        distance_km, 
        estimated_fare, 
        status, 
        payment_method, 
        payment_status,
        created_at
    ) VALUES (
        13, 
        '40.724442279333786, -74.0099830669351', 
        '40.70856884343328, -73.99161529960112', 
        40.724442279334, 
        -74.009983066935, 
        40.708568843433, 
        -73.991615299601, 
        2.5, 
        13.91, 
        'pending', 
        'cash', 
        'pending',
        NOW()
    )
[2026-02-21 12:51:48] Trip inserted with ID: 21
[2026-02-21 12:51:48] Trip created successfully - Data: {"trip_id":21,"trip_number":"TRIP00021"}
[2026-02-21 12:51:48] API called with method: POST
[2026-02-21 12:51:48] User ID: 13
[2026-02-21 12:51:48] Raw input received - Data: "{\"pickup\":\"40.724442279333786, -74.0099830669351\",\"dropoff\":\"40.70856884343328, -73.99161529960112\",\"pickup_lat\":\"40.724442279333786\",\"pickup_lng\":\"-74.0099830669351\",\"dropoff_lat\":\"40.70856884343328\",\"dropoff_lng\":\"-73.99161529960112\",\"distance\":\"2.5\",\"fare\":\"13.91\",\"vehicle_type\":\"van\",\"notes\":\"\"}"
[2026-02-21 12:51:48] Decoded data - Data: {"pickup":"40.724442279333786, -74.0099830669351","dropoff":"40.70856884343328, -73.99161529960112","pickup_lat":"40.724442279333786","pickup_lng":"-74.0099830669351","dropoff_lat":"40.70856884343328","dropoff_lng":"-73.99161529960112","distance":"2.5","fare":"13.91","vehicle_type":"van","notes":""}
[2026-02-21 12:51:48] All validations passed. Inserting trip...
[2026-02-21 12:51:48] Executing SQL: INSERT INTO trips (
        passenger_id, 
        pickup_location, 
        dropoff_location, 
        pickup_lat, 
        pickup_lng, 
        dropoff_lat, 
        dropoff_lng, 
        distance_km, 
        estimated_fare, 
        status, 
        payment_method, 
        payment_status,
        created_at
    ) VALUES (
        13, 
        '40.724442279333786, -74.0099830669351', 
        '40.70856884343328, -73.99161529960112', 
        40.724442279334, 
        -74.009983066935, 
        40.708568843433, 
        -73.991615299601, 
        2.5, 
        13.91, 
        'pending', 
        'cash', 
        'pending',
        NOW()
    )
[2026-02-21 12:51:48] Trip inserted with ID: 22
[2026-02-21 12:51:48] Trip created successfully - Data: {"trip_id":22,"trip_number":"TRIP00022"}
[2026-02-21 12:52:01] API called with method: POST
[2026-02-21 12:52:01] User ID: 13
[2026-02-21 12:52:01] Raw input received - Data: "{\"pickup\":\"40.724442279333786, -74.0099830669351\",\"dropoff\":\"40.70856884343328, -73.99161529960112\",\"pickup_lat\":\"40.724442279333786\",\"pickup_lng\":\"-74.0099830669351\",\"dropoff_lat\":\"40.70856884343328\",\"dropoff_lng\":\"-73.99161529960112\",\"distance\":\"2.5\",\"fare\":\"13.91\",\"vehicle_type\":\"van\",\"notes\":\"\"}"
[2026-02-21 12:52:01] Decoded data - Data: {"pickup":"40.724442279333786, -74.0099830669351","dropoff":"40.70856884343328, -73.99161529960112","pickup_lat":"40.724442279333786","pickup_lng":"-74.0099830669351","dropoff_lat":"40.70856884343328","dropoff_lng":"-73.99161529960112","distance":"2.5","fare":"13.91","vehicle_type":"van","notes":""}
[2026-02-21 12:52:01] All validations passed. Inserting trip...
[2026-02-21 12:52:01] Executing SQL: INSERT INTO trips (
        passenger_id, 
        pickup_location, 
        dropoff_location, 
        pickup_lat, 
        pickup_lng, 
        dropoff_lat, 
        dropoff_lng, 
        distance_km, 
        estimated_fare, 
        status, 
        payment_method, 
        payment_status,
        created_at
    ) VALUES (
        13, 
        '40.724442279333786, -74.0099830669351', 
        '40.70856884343328, -73.99161529960112', 
        40.724442279334, 
        -74.009983066935, 
        40.708568843433, 
        -73.991615299601, 
        2.5, 
        13.91, 
        'pending', 
        'cash', 
        'pending',
        NOW()
    )
[2026-02-21 12:52:01] Trip inserted with ID: 23
[2026-02-21 12:52:01] Trip created successfully - Data: {"trip_id":23,"trip_number":"TRIP00023"}
[2026-02-21 12:52:02] API called with method: POST
[2026-02-21 12:52:02] User ID: 13
[2026-02-21 12:52:02] Raw input received - Data: "{\"pickup\":\"40.724442279333786, -74.0099830669351\",\"dropoff\":\"40.70856884343328, -73.99161529960112\",\"pickup_lat\":\"40.724442279333786\",\"pickup_lng\":\"-74.0099830669351\",\"dropoff_lat\":\"40.70856884343328\",\"dropoff_lng\":\"-73.99161529960112\",\"distance\":\"2.5\",\"fare\":\"13.91\",\"vehicle_type\":\"van\",\"notes\":\"\"}"
[2026-02-21 12:52:02] Decoded data - Data: {"pickup":"40.724442279333786, -74.0099830669351","dropoff":"40.70856884343328, -73.99161529960112","pickup_lat":"40.724442279333786","pickup_lng":"-74.0099830669351","dropoff_lat":"40.70856884343328","dropoff_lng":"-73.99161529960112","distance":"2.5","fare":"13.91","vehicle_type":"van","notes":""}
[2026-02-21 12:52:02] All validations passed. Inserting trip...
[2026-02-21 12:52:02] Executing SQL: INSERT INTO trips (
        passenger_id, 
        pickup_location, 
        dropoff_location, 
        pickup_lat, 
        pickup_lng, 
        dropoff_lat, 
        dropoff_lng, 
        distance_km, 
        estimated_fare, 
        status, 
        payment_method, 
        payment_status,
        created_at
    ) VALUES (
        13, 
        '40.724442279333786, -74.0099830669351', 
        '40.70856884343328, -73.99161529960112', 
        40.724442279334, 
        -74.009983066935, 
        40.708568843433, 
        -73.991615299601, 
        2.5, 
        13.91, 
        'pending', 
        'cash', 
        'pending',
        NOW()
    )
[2026-02-21 12:52:02] Trip inserted with ID: 24
[2026-02-21 12:52:02] Trip created successfully - Data: {"trip_id":24,"trip_number":"TRIP00024"}
[2026-02-21 12:52:02] API called with method: POST
[2026-02-21 12:52:02] User ID: 13
[2026-02-21 12:52:02] Raw input received - Data: "{\"pickup\":\"40.724442279333786, -74.0099830669351\",\"dropoff\":\"40.70856884343328, -73.99161529960112\",\"pickup_lat\":\"40.724442279333786\",\"pickup_lng\":\"-74.0099830669351\",\"dropoff_lat\":\"40.70856884343328\",\"dropoff_lng\":\"-73.99161529960112\",\"distance\":\"2.5\",\"fare\":\"13.91\",\"vehicle_type\":\"van\",\"notes\":\"\"}"
[2026-02-21 12:52:02] Decoded data - Data: {"pickup":"40.724442279333786, -74.0099830669351","dropoff":"40.70856884343328, -73.99161529960112","pickup_lat":"40.724442279333786","pickup_lng":"-74.0099830669351","dropoff_lat":"40.70856884343328","dropoff_lng":"-73.99161529960112","distance":"2.5","fare":"13.91","vehicle_type":"van","notes":""}
[2026-02-21 12:52:02] All validations passed. Inserting trip...
[2026-02-21 12:52:02] Executing SQL: INSERT INTO trips (
        passenger_id, 
        pickup_location, 
        dropoff_location, 
        pickup_lat, 
        pickup_lng, 
        dropoff_lat, 
        dropoff_lng, 
        distance_km, 
        estimated_fare, 
        status, 
        payment_method, 
        payment_status,
        created_at
    ) VALUES (
        13, 
        '40.724442279333786, -74.0099830669351', 
        '40.70856884343328, -73.99161529960112', 
        40.724442279334, 
        -74.009983066935, 
        40.708568843433, 
        -73.991615299601, 
        2.5, 
        13.91, 
        'pending', 
        'cash', 
        'pending',
        NOW()
    )
[2026-02-21 12:52:02] Trip inserted with ID: 25
[2026-02-21 12:52:02] Trip created successfully - Data: {"trip_id":25,"trip_number":"TRIP00025"}
[2026-02-21 12:55:33] API called with method: POST
[2026-02-21 12:55:33] User ID: 13
[2026-02-21 12:55:33] Raw input received - Data: "{\"pickup\":\"40.724442279333786, -74.0099830669351\",\"dropoff\":\"40.70856884343328, -73.99161529960112\",\"pickup_lat\":\"40.724442279333786\",\"pickup_lng\":\"-74.0099830669351\",\"dropoff_lat\":\"40.70856884343328\",\"dropoff_lng\":\"-73.99161529960112\",\"distance\":\"2.5\",\"fare\":\"13.91\",\"vehicle_type\":\"van\",\"notes\":\"\"}"
[2026-02-21 12:55:33] Decoded data - Data: {"pickup":"40.724442279333786, -74.0099830669351","dropoff":"40.70856884343328, -73.99161529960112","pickup_lat":"40.724442279333786","pickup_lng":"-74.0099830669351","dropoff_lat":"40.70856884343328","dropoff_lng":"-73.99161529960112","distance":"2.5","fare":"13.91","vehicle_type":"van","notes":""}
[2026-02-21 12:55:33] All validations passed. Inserting trip...
[2026-02-21 12:55:33] Executing SQL: INSERT INTO trips (
        passenger_id, 
        pickup_location, 
        dropoff_location, 
        pickup_lat, 
        pickup_lng, 
        dropoff_lat, 
        dropoff_lng, 
        distance_km, 
        estimated_fare, 
        status, 
        payment_method, 
        payment_status,
        created_at
    ) VALUES (
        13, 
        '40.724442279333786, -74.0099830669351', 
        '40.70856884343328, -73.99161529960112', 
        40.724442279334, 
        -74.009983066935, 
        40.708568843433, 
        -73.991615299601, 
        2.5, 
        13.91, 
        'pending', 
        'cash', 
        'pending',
        NOW()
    )
[2026-02-21 12:55:33] Trip inserted with ID: 26
[2026-02-21 12:55:33] Trip created successfully - Data: {"trip_id":26,"trip_number":"TRIP00026"}
[2026-02-21 12:55:33] API called with method: POST
[2026-02-21 12:55:33] User ID: 13
[2026-02-21 12:55:33] Raw input received - Data: "{\"pickup\":\"40.724442279333786, -74.0099830669351\",\"dropoff\":\"40.70856884343328, -73.99161529960112\",\"pickup_lat\":\"40.724442279333786\",\"pickup_lng\":\"-74.0099830669351\",\"dropoff_lat\":\"40.70856884343328\",\"dropoff_lng\":\"-73.99161529960112\",\"distance\":\"2.5\",\"fare\":\"13.91\",\"vehicle_type\":\"van\",\"notes\":\"\"}"
[2026-02-21 12:55:33] Decoded data - Data: {"pickup":"40.724442279333786, -74.0099830669351","dropoff":"40.70856884343328, -73.99161529960112","pickup_lat":"40.724442279333786","pickup_lng":"-74.0099830669351","dropoff_lat":"40.70856884343328","dropoff_lng":"-73.99161529960112","distance":"2.5","fare":"13.91","vehicle_type":"van","notes":""}
[2026-02-21 12:55:33] All validations passed. Inserting trip...
[2026-02-21 12:55:33] Executing SQL: INSERT INTO trips (
        passenger_id, 
        pickup_location, 
        dropoff_location, 
        pickup_lat, 
        pickup_lng, 
        dropoff_lat, 
        dropoff_lng, 
        distance_km, 
        estimated_fare, 
        status, 
        payment_method, 
        payment_status,
        created_at
    ) VALUES (
        13, 
        '40.724442279333786, -74.0099830669351', 
        '40.70856884343328, -73.99161529960112', 
        40.724442279334, 
        -74.009983066935, 
        40.708568843433, 
        -73.991615299601, 
        2.5, 
        13.91, 
        'pending', 
        'cash', 
        'pending',
        NOW()
    )
[2026-02-21 12:55:33] Trip inserted with ID: 27
[2026-02-21 12:55:33] Trip created successfully - Data: {"trip_id":27,"trip_number":"TRIP00027"}
[2026-02-21 12:55:33] API called with method: POST
[2026-02-21 12:55:33] User ID: 13
[2026-02-21 12:55:33] Raw input received - Data: "{\"pickup\":\"40.724442279333786, -74.0099830669351\",\"dropoff\":\"40.70856884343328, -73.99161529960112\",\"pickup_lat\":\"40.724442279333786\",\"pickup_lng\":\"-74.0099830669351\",\"dropoff_lat\":\"40.70856884343328\",\"dropoff_lng\":\"-73.99161529960112\",\"distance\":\"2.5\",\"fare\":\"13.91\",\"vehicle_type\":\"van\",\"notes\":\"\"}"
[2026-02-21 12:55:33] Decoded data - Data: {"pickup":"40.724442279333786, -74.0099830669351","dropoff":"40.70856884343328, -73.99161529960112","pickup_lat":"40.724442279333786","pickup_lng":"-74.0099830669351","dropoff_lat":"40.70856884343328","dropoff_lng":"-73.99161529960112","distance":"2.5","fare":"13.91","vehicle_type":"van","notes":""}
[2026-02-21 12:55:33] All validations passed. Inserting trip...
[2026-02-21 12:55:33] Executing SQL: INSERT INTO trips (
        passenger_id, 
        pickup_location, 
        dropoff_location, 
        pickup_lat, 
        pickup_lng, 
        dropoff_lat, 
        dropoff_lng, 
        distance_km, 
        estimated_fare, 
        status, 
        payment_method, 
        payment_status,
        created_at
    ) VALUES (
        13, 
        '40.724442279333786, -74.0099830669351', 
        '40.70856884343328, -73.99161529960112', 
        40.724442279334, 
        -74.009983066935, 
        40.708568843433, 
        -73.991615299601, 
        2.5, 
        13.91, 
        'pending', 
        'cash', 
        'pending',
        NOW()
    )
[2026-02-21 12:55:33] Trip inserted with ID: 28
[2026-02-21 12:55:33] Trip created successfully - Data: {"trip_id":28,"trip_number":"TRIP00028"}
[2026-02-21 13:09:38] API called with method: POST
[2026-02-21 13:09:38] User ID: 13
[2026-02-21 13:09:38] Raw input received - Data: "{\"pickup\":\"Town hall Anand, SH75, Anand, \u0906\u0923\u0902\u0926, Anand City Taluka, Anand, Gujarat, 388001, India\",\"dropoff\":\"Town hall Anand, SH75, Anand, \u0906\u0923\u0902\u0926, Anand City Taluka, Anand, Gujarat, 388001, India\",\"pickup_lat\":\"22.553456618514947\",\"pickup_lng\":\"72.95075190028003\",\"dropoff_lat\":\"22.552434076507545\",\"dropoff_lng\":\"72.92569148481563\",\"distance\":\"3.1\",\"fare\":\"12.86\",\"vehicle_type\":\"car\",\"notes\":\"\"}"
[2026-02-21 13:09:39] Decoded data - Data: {"pickup":"Town hall Anand, SH75, Anand, \u0906\u0923\u0902\u0926, Anand City Taluka, Anand, Gujarat, 388001, India","dropoff":"Town hall Anand, SH75, Anand, \u0906\u0923\u0902\u0926, Anand City Taluka, Anand, Gujarat, 388001, India","pickup_lat":"22.553456618514947","pickup_lng":"72.95075190028003","dropoff_lat":"22.552434076507545","dropoff_lng":"72.92569148481563","distance":"3.1","fare":"12.86","vehicle_type":"car","notes":""}
[2026-02-21 13:09:39] All validations passed. Inserting trip...
[2026-02-21 13:09:39] Executing SQL: INSERT INTO trips (
        passenger_id, 
        pickup_location, 
        dropoff_location, 
        pickup_lat, 
        pickup_lng, 
        dropoff_lat, 
        dropoff_lng, 
        distance_km, 
        estimated_fare, 
        status, 
        payment_method, 
        payment_status,
        created_at
    ) VALUES (
        13, 
        'Town hall Anand, SH75, Anand, आणंद, Anand City Taluka, Anand, Gujarat, 388001, India', 
        'Town hall Anand, SH75, Anand, आणंद, Anand City Taluka, Anand, Gujarat, 388001, India', 
        22.553456618515, 
        72.95075190028, 
        22.552434076508, 
        72.925691484816, 
        3.1, 
        12.86, 
        'pending', 
        'cash', 
        'pending',
        NOW()
    )
[2026-02-21 13:09:39] Trip inserted with ID: 29
[2026-02-21 13:09:39] Trip created successfully - Data: {"trip_id":29,"trip_number":"TRIP00029"}
[2026-02-21 13:09:39] API called with method: POST
[2026-02-21 13:09:39] User ID: 13
[2026-02-21 13:09:39] Raw input received - Data: "{\"pickup\":\"Town hall Anand, SH75, Anand, \u0906\u0923\u0902\u0926, Anand City Taluka, Anand, Gujarat, 388001, India\",\"dropoff\":\"Town hall Anand, SH75, Anand, \u0906\u0923\u0902\u0926, Anand City Taluka, Anand, Gujarat, 388001, India\",\"pickup_lat\":\"22.553456618514947\",\"pickup_lng\":\"72.95075190028003\",\"dropoff_lat\":\"22.552434076507545\",\"dropoff_lng\":\"72.92569148481563\",\"distance\":\"3.1\",\"fare\":\"12.86\",\"vehicle_type\":\"car\",\"notes\":\"\"}"
[2026-02-21 13:09:39] Decoded data - Data: {"pickup":"Town hall Anand, SH75, Anand, \u0906\u0923\u0902\u0926, Anand City Taluka, Anand, Gujarat, 388001, India","dropoff":"Town hall Anand, SH75, Anand, \u0906\u0923\u0902\u0926, Anand City Taluka, Anand, Gujarat, 388001, India","pickup_lat":"22.553456618514947","pickup_lng":"72.95075190028003","dropoff_lat":"22.552434076507545","dropoff_lng":"72.92569148481563","distance":"3.1","fare":"12.86","vehicle_type":"car","notes":""}
[2026-02-21 13:09:39] All validations passed. Inserting trip...
[2026-02-21 13:09:39] Executing SQL: INSERT INTO trips (
        passenger_id, 
        pickup_location, 
        dropoff_location, 
        pickup_lat, 
        pickup_lng, 
        dropoff_lat, 
        dropoff_lng, 
        distance_km, 
        estimated_fare, 
        status, 
        payment_method, 
        payment_status,
        created_at
    ) VALUES (
        13, 
        'Town hall Anand, SH75, Anand, आणंद, Anand City Taluka, Anand, Gujarat, 388001, India', 
        'Town hall Anand, SH75, Anand, आणंद, Anand City Taluka, Anand, Gujarat, 388001, India', 
        22.553456618515, 
        72.95075190028, 
        22.552434076508, 
        72.925691484816, 
        3.1, 
        12.86, 
        'pending', 
        'cash', 
        'pending',
        NOW()
    )
[2026-02-21 13:09:39] Trip inserted with ID: 30
[2026-02-21 13:09:39] Trip created successfully - Data: {"trip_id":30,"trip_number":"TRIP00030"}
[2026-02-21 13:09:39] API called with method: POST
[2026-02-21 13:09:39] User ID: 13
[2026-02-21 13:09:39] Raw input received - Data: "{\"pickup\":\"Town hall Anand, SH75, Anand, \u0906\u0923\u0902\u0926, Anand City Taluka, Anand, Gujarat, 388001, India\",\"dropoff\":\"Town hall Anand, SH75, Anand, \u0906\u0923\u0902\u0926, Anand City Taluka, Anand, Gujarat, 388001, India\",\"pickup_lat\":\"22.553456618514947\",\"pickup_lng\":\"72.95075190028003\",\"dropoff_lat\":\"22.552434076507545\",\"dropoff_lng\":\"72.92569148481563\",\"distance\":\"3.1\",\"fare\":\"12.86\",\"vehicle_type\":\"car\",\"notes\":\"\"}"
[2026-02-21 13:09:39] Decoded data - Data: {"pickup":"Town hall Anand, SH75, Anand, \u0906\u0923\u0902\u0926, Anand City Taluka, Anand, Gujarat, 388001, India","dropoff":"Town hall Anand, SH75, Anand, \u0906\u0923\u0902\u0926, Anand City Taluka, Anand, Gujarat, 388001, India","pickup_lat":"22.553456618514947","pickup_lng":"72.95075190028003","dropoff_lat":"22.552434076507545","dropoff_lng":"72.92569148481563","distance":"3.1","fare":"12.86","vehicle_type":"car","notes":""}
[2026-02-21 13:09:39] All validations passed. Inserting trip...
[2026-02-21 13:09:39] Executing SQL: INSERT INTO trips (
        passenger_id, 
        pickup_location, 
        dropoff_location, 
        pickup_lat, 
        pickup_lng, 
        dropoff_lat, 
        dropoff_lng, 
        distance_km, 
        estimated_fare, 
        status, 
        payment_method, 
        payment_status,
        created_at
    ) VALUES (
        13, 
        'Town hall Anand, SH75, Anand, आणंद, Anand City Taluka, Anand, Gujarat, 388001, India', 
        'Town hall Anand, SH75, Anand, आणंद, Anand City Taluka, Anand, Gujarat, 388001, India', 
        22.553456618515, 
        72.95075190028, 
        22.552434076508, 
        72.925691484816, 
        3.1, 
        12.86, 
        'pending', 
        'cash', 
        'pending',
        NOW()
    )
[2026-02-21 13:09:39] Trip inserted with ID: 31
[2026-02-21 13:09:39] Trip created successfully - Data: {"trip_id":31,"trip_number":"TRIP00031"}
[2026-02-21 13:22:34] API called with method: POST
[2026-02-21 13:22:34] User ID: 13
[2026-02-21 13:22:34] Raw input received - Data: "{\"pickup\":\"Varick Street, Hudson Square, Lower Manhattan, Manhattan, New York County, New York, 10013, United States\",\"dropoff\":\"40.70955779027002, -73.99092865409331\",\"pickup_lat\":\"40.72243879135573\",\"pickup_lng\":\"-74.00672150077298\",\"dropoff_lat\":\"40.70955779027002\",\"dropoff_lng\":\"-73.99092865409331\",\"distance\":\"5.2\",\"fare\":\"12.84\",\"vehicle_type\":\"bike\",\"notes\":\"\"}"
[2026-02-21 13:22:34] Decoded data - Data: {"pickup":"Varick Street, Hudson Square, Lower Manhattan, Manhattan, New York County, New York, 10013, United States","dropoff":"40.70955779027002, -73.99092865409331","pickup_lat":"40.72243879135573","pickup_lng":"-74.00672150077298","dropoff_lat":"40.70955779027002","dropoff_lng":"-73.99092865409331","distance":"5.2","fare":"12.84","vehicle_type":"bike","notes":""}
[2026-02-21 13:22:34] All validations passed. Inserting trip...
[2026-02-21 13:22:34] Executing SQL: INSERT INTO trips (
        passenger_id, 
        pickup_location, 
        dropoff_location, 
        pickup_lat, 
        pickup_lng, 
        dropoff_lat, 
        dropoff_lng, 
        distance_km, 
        estimated_fare, 
        status, 
        payment_method, 
        payment_status,
        created_at
    ) VALUES (
        13, 
        'Varick Street, Hudson Square, Lower Manhattan, Manhattan, New York County, New York, 10013, United States', 
        '40.70955779027002, -73.99092865409331', 
        40.722438791356, 
        -74.006721500773, 
        40.70955779027, 
        -73.990928654093, 
        5.2, 
        12.84, 
        'pending', 
        'cash', 
        'pending',
        NOW()
    )
[2026-02-21 13:22:35] Trip inserted with ID: 32
[2026-02-21 13:22:35] Trip created successfully - Data: {"trip_id":32,"trip_number":"TRIP00032"}
[2026-02-21 13:22:35] API called with method: POST
[2026-02-21 13:22:35] User ID: 13
[2026-02-21 13:22:35] Raw input received - Data: "{\"pickup\":\"Varick Street, Hudson Square, Lower Manhattan, Manhattan, New York County, New York, 10013, United States\",\"dropoff\":\"40.70955779027002, -73.99092865409331\",\"pickup_lat\":\"40.72243879135573\",\"pickup_lng\":\"-74.00672150077298\",\"dropoff_lat\":\"40.70955779027002\",\"dropoff_lng\":\"-73.99092865409331\",\"distance\":\"5.2\",\"fare\":\"12.84\",\"vehicle_type\":\"bike\",\"notes\":\"\"}"
[2026-02-21 13:22:35] Decoded data - Data: {"pickup":"Varick Street, Hudson Square, Lower Manhattan, Manhattan, New York County, New York, 10013, United States","dropoff":"40.70955779027002, -73.99092865409331","pickup_lat":"40.72243879135573","pickup_lng":"-74.00672150077298","dropoff_lat":"40.70955779027002","dropoff_lng":"-73.99092865409331","distance":"5.2","fare":"12.84","vehicle_type":"bike","notes":""}
[2026-02-21 13:22:35] All validations passed. Inserting trip...
[2026-02-21 13:22:35] Executing SQL: INSERT INTO trips (
        passenger_id, 
        pickup_location, 
        dropoff_location, 
        pickup_lat, 
        pickup_lng, 
        dropoff_lat, 
        dropoff_lng, 
        distance_km, 
        estimated_fare, 
        status, 
        payment_method, 
        payment_status,
        created_at
    ) VALUES (
        13, 
        'Varick Street, Hudson Square, Lower Manhattan, Manhattan, New York County, New York, 10013, United States', 
        '40.70955779027002, -73.99092865409331', 
        40.722438791356, 
        -74.006721500773, 
        40.70955779027, 
        -73.990928654093, 
        5.2, 
        12.84, 
        'pending', 
        'cash', 
        'pending',
        NOW()
    )
[2026-02-21 13:22:35] Trip inserted with ID: 33
[2026-02-21 13:22:35] Trip created successfully - Data: {"trip_id":33,"trip_number":"TRIP00033"}
[2026-02-21 13:22:35] API called with method: POST
[2026-02-21 13:22:35] User ID: 13
[2026-02-21 13:22:35] Raw input received - Data: "{\"pickup\":\"Varick Street, Hudson Square, Lower Manhattan, Manhattan, New York County, New York, 10013, United States\",\"dropoff\":\"40.70955779027002, -73.99092865409331\",\"pickup_lat\":\"40.72243879135573\",\"pickup_lng\":\"-74.00672150077298\",\"dropoff_lat\":\"40.70955779027002\",\"dropoff_lng\":\"-73.99092865409331\",\"distance\":\"5.2\",\"fare\":\"12.84\",\"vehicle_type\":\"bike\",\"notes\":\"\"}"
[2026-02-21 13:22:35] Decoded data - Data: {"pickup":"Varick Street, Hudson Square, Lower Manhattan, Manhattan, New York County, New York, 10013, United States","dropoff":"40.70955779027002, -73.99092865409331","pickup_lat":"40.72243879135573","pickup_lng":"-74.00672150077298","dropoff_lat":"40.70955779027002","dropoff_lng":"-73.99092865409331","distance":"5.2","fare":"12.84","vehicle_type":"bike","notes":""}
[2026-02-21 13:22:35] All validations passed. Inserting trip...
[2026-02-21 13:22:35] Executing SQL: INSERT INTO trips (
        passenger_id, 
        pickup_location, 
        dropoff_location, 
        pickup_lat, 
        pickup_lng, 
        dropoff_lat, 
        dropoff_lng, 
        distance_km, 
        estimated_fare, 
        status, 
        payment_method, 
        payment_status,
        created_at
    ) VALUES (
        13, 
        'Varick Street, Hudson Square, Lower Manhattan, Manhattan, New York County, New York, 10013, United States', 
        '40.70955779027002, -73.99092865409331', 
        40.722438791356, 
        -74.006721500773, 
        40.70955779027, 
        -73.990928654093, 
        5.2, 
        12.84, 
        'pending', 
        'cash', 
        'pending',
        NOW()
    )
[2026-02-21 13:22:35] Trip inserted with ID: 34
[2026-02-21 13:22:35] Trip created successfully - Data: {"trip_id":34,"trip_number":"TRIP00034"}
[2026-02-21 14:14:42] API called with method: POST
[2026-02-21 14:14:43] User ID: 13
[2026-02-21 14:14:43] Raw input received - Data: {"pickup":"40.724572373825424, -74.00946808280425","dropoff":"FDR Drive, Two Bridges, Manhattan Community Board 3, Manhattan, New York County, New York, 10002, United States","pickup_lat":"40.724572373825424","pickup_lng":"-74.00946808280425","dropoff_lat":"40.70973996390831","dropoff_lng":"-73.99195862235503","distance":"5.2","fare":"12.85","vehicle_type":"bike","notes":"","booking_token":"8102459b55171365c01c838f80a3a4c4","request_id":"req_1771663482880_6x5ebp4jw","timestamp":1771663482881,"cl
[2026-02-21 14:14:43] Decoded data keys: pickup, dropoff, pickup_lat, pickup_lng, dropoff_lat, dropoff_lng, distance, fare, vehicle_type, notes, booking_token, request_id, timestamp, client_time
[2026-02-21 14:14:43] All validations passed. Inserting trip...
[2026-02-21 14:14:43] Executing SQL: INSERT INTO trips (
        passenger_id, 
        pickup_location, 
        dropoff_location, 
        pickup_lat, 
        pickup_lng, 
        dropoff_lat, 
        dropoff_lng, 
        distance_km, 
        estimated_fare, 
        status, 
        payment_method, 
        payment_status,
        request_id,
        created_at
    ) VALUES (
        13, 
        '40.724572373825424, -74.00946808280425', 
        'FDR Drive, Two Bridges, Manhattan Community Board 3, Manhattan, New York County, New York, 10002, United States', 
        40.724572373825, 
        -74.009468082804, 
        40.709739963908, 
        -73.991958622355, 
        5.2, 
        12.85, 
        'pending', 
        'cash', 
        'pending',
        'req_1771663482880_6x5ebp4jw',
        NOW()
    )
[2026-02-21 14:14:43] Trip inserted with ID: 35
[2026-02-21 14:14:43] Trip created successfully - Data: {"trip_id":35,"trip_number":"TRIP00035"}
[2026-02-21 14:16:45] API called with method: POST
[2026-02-21 14:16:45] User ID: 13
[2026-02-21 14:16:45] Raw input received - Data: {"pickup":"Holland Tunnel, Newport, Jersey City, Hudson County, New Jersey, 07310, United States","dropoff":"Brooklyn Bridge, Elizabeth Place, Dumbo, Brooklyn, Kings County, New York, 11201, United States","pickup_lat":"40.73102474129808","pickup_lng":"-74.03693390311675","dropoff_lat":"40.707371677168105","dropoff_lng":"-73.99813843192534","distance":"10.3","fare":"20.47","vehicle_type":"bike","notes":"","booking_token":"df9f7e0f6a0c89f0e268d14d03410f01","request_id":"req_1771663605010_pzk7t19z
[2026-02-21 14:16:45] Decoded data keys: pickup, dropoff, pickup_lat, pickup_lng, dropoff_lat, dropoff_lng, distance, fare, vehicle_type, notes, booking_token, request_id, timestamp, client_time
[2026-02-21 14:16:45] All validations passed. Inserting trip...
[2026-02-21 14:16:45] Executing SQL: INSERT INTO trips (
        passenger_id, 
        pickup_location, 
        dropoff_location, 
        pickup_lat, 
        pickup_lng, 
        dropoff_lat, 
        dropoff_lng, 
        distance_km, 
        estimated_fare, 
        status, 
        payment_method, 
        payment_status,
        request_id,
        created_at
    ) VALUES (
        13, 
        'Holland Tunnel, Newport, Jersey City, Hudson County, New Jersey, 07310, United States', 
        'Brooklyn Bridge, Elizabeth Place, Dumbo, Brooklyn, Kings County, New York, 11201, United States', 
        40.731024741298, 
        -74.036933903117, 
        40.707371677168, 
        -73.998138431925, 
        10.3, 
        20.47, 
        'pending', 
        'cash', 
        'pending',
        'req_1771663605010_pzk7t19zo',
        NOW()
    )
[2026-02-21 14:16:45] Trip inserted with ID: 36
[2026-02-21 14:16:45] Trip created successfully - Data: {"trip_id":36,"trip_number":"TRIP00036"}
[2026-02-21 14:40:08] API called with method: POST
[2026-02-21 14:40:08] User ID: 13
[2026-02-21 14:40:08] Raw input received - Data: {"pickup":"Laxmi Vilas Rao Palace, Vishwamitri Road Flyover, Manjalpur, Vadodara, Vadodara Rural Taluka, Vadodara, Gujarat, 390001, India","dropoff":"Wadi, Vadodara, Vadodara Rural Taluka, Vadodara, Gujarat, 390001, India","pickup_lat":"22.2934","pickup_lng":"73.1935","dropoff_lat":"22.298991499821554","dropoff_lng":"73.21795463562013","distance":"2.9","fare":"12.29","vehicle_type":"car","notes":"","booking_token":"a5ed6a8a6effdd452d9d0ce0e092896b","request_id":"req_1771665006046_c2jqh2s8l","tim
[2026-02-21 14:40:08] Decoded data keys: pickup, dropoff, pickup_lat, pickup_lng, dropoff_lat, dropoff_lng, distance, fare, vehicle_type, notes, booking_token, request_id, timestamp, client_time
[2026-02-21 14:40:09] All validations passed. Inserting trip...
[2026-02-21 14:40:09] Executing SQL: INSERT INTO trips (
        passenger_id, 
        pickup_location, 
        dropoff_location, 
        pickup_lat, 
        pickup_lng, 
        dropoff_lat, 
        dropoff_lng, 
        distance_km, 
        estimated_fare, 
        status, 
        payment_method, 
        payment_status,
        request_id,
        created_at
    ) VALUES (
        13, 
        'Laxmi Vilas Rao Palace, Vishwamitri Road Flyover, Manjalpur, Vadodara, Vadodara Rural Taluka, Vadodara, Gujarat, 390001, India', 
        'Wadi, Vadodara, Vadodara Rural Taluka, Vadodara, Gujarat, 390001, India', 
        22.2934, 
        73.1935, 
        22.298991499822, 
        73.21795463562, 
        2.9, 
        12.29, 
        'pending', 
        'cash', 
        'pending',
        'req_1771665006046_c2jqh2s8l',
        NOW()
    )
[2026-02-21 14:40:10] Trip inserted with ID: 37
[2026-02-21 14:40:10] Trip created successfully - Data: {"trip_id":37,"trip_number":"TRIP00037"}
[2026-02-21 14:40:30] API called with method: POST
[2026-02-21 14:40:30] User ID: 13
[2026-02-21 14:40:30] Raw input received - Data: {"pickup":"Anand, Vallabh Vidyanagar, Anand Rural Taluka, Anand, Gujarat, 388120, India","dropoff":"22.555557164990546, 72.95934677124025","pickup_lat":"22.55080116322367","pickup_lng":"72.93119430541994","dropoff_lat":"22.555557164990546","dropoff_lng":"72.95934677124025","distance":"3.5","fare":"13.80","vehicle_type":"car","notes":"","booking_token":"c0deab8fdc53c36bdb90e6fe1d37e0f4","request_id":"req_1771665030079_c2vd6mrxu","timestamp":1771665030080,"client_time":"2026-02-21T09:10:30.080Z"}
[2026-02-21 14:40:30] Decoded data keys: pickup, dropoff, pickup_lat, pickup_lng, dropoff_lat, dropoff_lng, distance, fare, vehicle_type, notes, booking_token, request_id, timestamp, client_time
[2026-02-21 14:40:30] All validations passed. Inserting trip...
[2026-02-21 14:40:30] Executing SQL: INSERT INTO trips (
        passenger_id, 
        pickup_location, 
        dropoff_location, 
        pickup_lat, 
        pickup_lng, 
        dropoff_lat, 
        dropoff_lng, 
        distance_km, 
        estimated_fare, 
        status, 
        payment_method, 
        payment_status,
        request_id,
        created_at
    ) VALUES (
        13, 
        'Anand, Vallabh Vidyanagar, Anand Rural Taluka, Anand, Gujarat, 388120, India', 
        '22.555557164990546, 72.95934677124025', 
        22.550801163224, 
        72.93119430542, 
        22.555557164991, 
        72.95934677124, 
        3.5, 
        13.8, 
        'pending', 
        'cash', 
        'pending',
        'req_1771665030079_c2vd6mrxu',
        NOW()
    )
[2026-02-21 14:40:30] Trip inserted with ID: 38
[2026-02-21 14:40:30] Trip created successfully - Data: {"trip_id":38,"trip_number":"TRIP00038"}
[2026-02-21 14:43:23] API called with method: POST
[2026-02-21 14:43:23] User ID: 13
[2026-02-21 14:43:23] Raw input received - Data: {"pickup":"40.72405199334061, -74.01101303519683","dropoff":"Two Bridges, Manhattan Community Board 3, Manhattan, New York County, New York, 10002, United States","pickup_lat":"40.72405199334061","pickup_lng":"-74.01101303519683","dropoff_lat":"40.709609839435416","dropoff_lng":"-73.9902420085855","distance":"3.4","fare":"13.44","vehicle_type":"car","notes":"","booking_token":"5258a48a7963586c7d59eeb326b6db1a","request_id":"req_1771665203457_n7w2kw47k","timestamp":1771665203459,"client_time":"20
[2026-02-21 14:43:23] Decoded data keys: pickup, dropoff, pickup_lat, pickup_lng, dropoff_lat, dropoff_lng, distance, fare, vehicle_type, notes, booking_token, request_id, timestamp, client_time
[2026-02-21 14:43:23] All validations passed. Inserting trip...
[2026-02-21 14:43:24] Executing SQL: INSERT INTO trips (
        passenger_id, 
        pickup_location, 
        dropoff_location, 
        pickup_lat, 
        pickup_lng, 
        dropoff_lat, 
        dropoff_lng, 
        distance_km, 
        estimated_fare, 
        status, 
        payment_method, 
        payment_status,
        request_id,
        created_at
    ) VALUES (
        13, 
        '40.72405199334061, -74.01101303519683', 
        'Two Bridges, Manhattan Community Board 3, Manhattan, New York County, New York, 10002, United States', 
        40.724051993341, 
        -74.011013035197, 
        40.709609839435, 
        -73.990242008585, 
        3.4, 
        13.44, 
        'pending', 
        'cash', 
        'pending',
        'req_1771665203457_n7w2kw47k',
        NOW()
    )
[2026-02-21 14:43:24] Trip inserted with ID: 39
[2026-02-21 14:43:24] Trip created successfully - Data: {"trip_id":39,"trip_number":"TRIP00039"}
[2026-02-21 14:58:35] API called with method: POST
[2026-02-21 14:58:35] User ID: 13
[2026-02-21 14:58:35] Raw input received - Data: {"pickup":"Montgomery Street, Downtown Jersey City, Jersey City, Hudson County, New Jersey, 07306, United States","dropoff":"40.67975279553464, -73.93984223250301","pickup_lat":"40.71671421115689","pickup_lng":"-74.04009247664364","dropoff_lat":"40.67975279553464","dropoff_lng":"-73.93984223250301","distance":"13.7","fare":"25.61","vehicle_type":"bike","notes":"","booking_token":"db76249975b85366eb39b48608796c1e","request_id":"req_1771666115757_wxoj15d0k","timestamp":1771666115759,"client_time":
[2026-02-21 14:58:35] Decoded data keys: pickup, dropoff, pickup_lat, pickup_lng, dropoff_lat, dropoff_lng, distance, fare, vehicle_type, notes, booking_token, request_id, timestamp, client_time
[2026-02-21 14:58:35] All validations passed. Inserting trip...
[2026-02-21 14:58:35] Executing SQL: INSERT INTO trips (
        passenger_id, 
        pickup_location, 
        dropoff_location, 
        pickup_lat, 
        pickup_lng, 
        dropoff_lat, 
        dropoff_lng, 
        distance_km, 
        estimated_fare, 
        status, 
        payment_method, 
        payment_status,
        request_id,
        created_at
    ) VALUES (
        13, 
        'Montgomery Street, Downtown Jersey City, Jersey City, Hudson County, New Jersey, 07306, United States', 
        '40.67975279553464, -73.93984223250301', 
        40.716714211157, 
        -74.040092476644, 
        40.679752795535, 
        -73.939842232503, 
        13.7, 
        25.61, 
        'pending', 
        'cash', 
        'pending',
        'req_1771666115757_wxoj15d0k',
        NOW()
    )
[2026-02-21 14:58:35] Trip inserted with ID: 40
[2026-02-21 14:58:35] Trip created successfully - Data: {"trip_id":40,"trip_number":"TRIP00040"}
[2026-02-21 15:11:53] API called with method: POST
[2026-02-21 15:11:53] User ID: 13
[2026-02-21 15:11:53] Raw input received - Data: {"pickup":"Our Lady of Czestochowa, Sussex Street, Downtown Jersey City, Jersey City, Hudson County, New Jersey, 07311, United States","dropoff":"105, Grand Street, Downtown Jersey City, Jersey City, Hudson County, New Jersey, 07304, United States","pickup_lat":"40.71490566024279","pickup_lng":"-74.03870201320389","dropoff_lat":"40.715295998872875","dropoff_lng":"-74.0386161825154","distance":"0.5","fare":"5.74","vehicle_type":"bike","notes":"","booking_token":"e9c7a007a2660e24b22c241d2a711df8",
[2026-02-21 15:11:53] Decoded data keys: pickup, dropoff, pickup_lat, pickup_lng, dropoff_lat, dropoff_lng, distance, fare, vehicle_type, notes, booking_token, request_id, timestamp, client_time
[2026-02-21 15:11:53] All validations passed. Inserting trip...
[2026-02-21 15:11:53] Executing SQL: INSERT INTO trips (
        passenger_id, 
        pickup_location, 
        dropoff_location, 
        pickup_lat, 
        pickup_lng, 
        dropoff_lat, 
        dropoff_lng, 
        distance_km, 
        estimated_fare, 
        status, 
        payment_method, 
        payment_status,
        request_id,
        created_at
    ) VALUES (
        13, 
        'Our Lady of Czestochowa, Sussex Street, Downtown Jersey City, Jersey City, Hudson County, New Jersey, 07311, United States', 
        '105, Grand Street, Downtown Jersey City, Jersey City, Hudson County, New Jersey, 07304, United States', 
        40.714905660243, 
        -74.038702013204, 
        40.715295998873, 
        -74.038616182515, 
        0.5, 
        5.74, 
        'pending', 
        'cash', 
        'pending',
        'req_1771666913099_2j6nana32',
        NOW()
    )
[2026-02-21 15:11:53] Trip inserted with ID: 41
[2026-02-21 15:11:53] Trip created successfully - Data: {"trip_id":41,"trip_number":"TRIP00041"}
[2026-02-21 15:34:48] API called with method: POST
[2026-02-21 15:34:48] User ID: 13
[2026-02-21 15:34:48] Raw input received - Data: {"pickup":"40.71005225842899, -74.00339126586915","dropoff":"40.66579582990908, -73.96562576293947","pickup_lat":"40.71005225842899","pickup_lng":"-74.00339126586915","dropoff_lat":"40.66579582990908","dropoff_lng":"-73.96562576293947","distance":"6.9","fare":"29.11","vehicle_type":"van","notes":"","booking_token":"b70e6674cd5db0c162816cb91bb8e7b1","request_id":"req_1771668288354_yjaroqvbl","timestamp":1771668288355,"client_time":"2026-02-21T10:04:48.355Z"}
[2026-02-21 15:34:48] Decoded data keys: pickup, dropoff, pickup_lat, pickup_lng, dropoff_lat, dropoff_lng, distance, fare, vehicle_type, notes, booking_token, request_id, timestamp, client_time
[2026-02-21 15:34:48] All validations passed. Inserting trip...
[2026-02-21 15:34:48] Executing SQL: INSERT INTO trips (
        passenger_id, 
        pickup_location, 
        dropoff_location, 
        pickup_lat, 
        pickup_lng, 
        dropoff_lat, 
        dropoff_lng, 
        distance_km, 
        estimated_fare, 
        status, 
        payment_method, 
        payment_status,
        request_id,
        created_at
    ) VALUES (
        13, 
        '40.71005225842899, -74.00339126586915', 
        '40.66579582990908, -73.96562576293947', 
        40.710052258429, 
        -74.003391265869, 
        40.665795829909, 
        -73.965625762939, 
        6.9, 
        29.11, 
        'pending', 
        'cash', 
        'pending',
        'req_1771668288354_yjaroqvbl',
        NOW()
    )
[2026-02-21 15:34:48] Trip inserted with ID: 42
[2026-02-21 15:34:48] Trip created successfully - Data: {"trip_id":42,"trip_number":"TRIP00042"}
